#
# An unexpected error has been detected by Java Runtime Environment:
#
#  Internal Error (434C41535326494C453041525345520E4350500AB6), pid=2324, tid=2788
#
# Java VM: Java HotSpot(TM) Client VM (1.6.0-oem-b104 mixed mode)
# If you would like to submit a bug report, please visit:
#   http://java.sun.com/webapps/bugreport/crash.jsp
#

---------------  T H R E A D  ---------------

Current thread (0x01981c00):  JavaThread "Unknown thread" [_thread_in_vm, id=2788]

Stack: [0x00150000,0x001a0000)
[error occurred during error reporting, step 110, id 0xc00000fd]

Native frames: (J=compiled Java code, j=interpreted, Vv=VM code, C=native code)
C  [javaw.exe+0xc07c]
C  [javaw.exe+0x7d35]
C  [kernel32.dll+0x51174]
C  [ntdll.dll+0x5b3f5]
C  [ntdll.dll+0x5b3c8]


---------------  P R O C E S S  ---------------

Java Threads: ( => current thread )

Other Threads:

VM state:not at safepoint (not fully initilizated)

VM Mutex/Monitor currently owned by a thread: None

Heap
 def new generation   total 960K, used 0K [0x03a70000, 0x03b70000, 0x03f50000)
  eden space 896K,   0% used [0x03a70000, 0x03a70000, 0x03b50000)
  from space 64K,   0% used [0x03b50000, 0x03b50000, 0x03b60000)
  to   space 64K,   0% used [0x03b60000, 0x03b60000, 0x03b70000)
 tenured generation   total 4096K, used 0K [0x03f50000, 0x04350000, 0x07a70000)
   the space 4096K,   0% used [0x03f50000, 0x03f50000, 0x03f50200, 0x04350000)
 compacting perm gen  total 12288K, used 100K [0x07a70000, 0x08670000, 0x0ba70000)
   the space 12288K,   0% used [0x07a70000, 0x07a89340, 0x07a89400, 0x08670000)
No shared spaces configured.

Dynamic libraries:
0x00400000 - 0x00423000 	C:\Program Files\Java\jre1.6.0\bin\javaw.exe
0x77bf0000 - 0x77d2c000 	C:\Windows\SYSTEM32\ntdll.dll
0x762a0000 - 0x76374000 	C:\Windows\system32\kernel32.dll
0x75f10000 - 0x75f5a000 	C:\Windows\system32\KERNELBASE.dll
0x77d80000 - 0x77e20000 	C:\Windows\system32\ADVAPI32.dll
0x777b0000 - 0x7785c000 	C:\Windows\system32\msvcrt.dll
0x77d50000 - 0x77d69000 	C:\Windows\SYSTEM32\sechost.dll
0x77aa0000 - 0x77b41000 	C:\Windows\system32\RPCRT4.dll
0x76820000 - 0x768e9000 	C:\Windows\system32\USER32.dll
0x77760000 - 0x777ae000 	C:\Windows\system32\GDI32.dll
0x76240000 - 0x7624a000 	C:\Windows\system32\LPK.dll
0x77b50000 - 0x77bed000 	C:\Windows\system32\USP10.dll
0x775b0000 - 0x775cf000 	C:\Windows\system32\IMM32.DLL
0x779d0000 - 0x77a9c000 	C:\Windows\system32\MSCTF.dll
0x7c340000 - 0x7c396000 	C:\Program Files\Java\jre1.6.0\bin\msvcr71.dll
0x6d7c0000 - 0x6da07000 	C:\Program Files\Java\jre1.6.0\bin\client\jvm.dll
0x746a0000 - 0x746d2000 	C:\Windows\system32\WINMM.dll
0x75c40000 - 0x75c8b000 	C:\Windows\system32\apphelp.dll
0x6d310000 - 0x6d318000 	C:\Program Files\Java\jre1.6.0\bin\hpi.dll
0x77d30000 - 0x77d35000 	C:\Windows\system32\PSAPI.DLL
0x6d770000 - 0x6d77c000 	C:\Program Files\Java\jre1.6.0\bin\verify.dll
0x6d3b0000 - 0x6d3cf000 	C:\Program Files\Java\jre1.6.0\bin\java.dll
0x6d7b0000 - 0x6d7bf000 	C:\Program Files\Java\jre1.6.0\bin\zip.dll

VM Arguments:
jvm_args: -Dfile.encoding=Cp1252 -Xbootclasspath:D:\android\android-sdk-windows\platforms\android-11\android.jar
java_command: com.balaji.birthdayactivity.Test
Launcher Type: SUN_STANDARD

Environment Variables:
PATH=C:/Program Files/Java/jre1.6.0/bin/client;C:/Program Files/Java/jre1.6.0/bin;C:/Program Files/Java/jre1.6.0/lib/i386;C:\Program Files\PC Connectivity Solution\;C:\Windows\system32;C:\Windows;C:\Windows\System32\Wbem;C:\Windows\System32\WindowsPowerShell\v1.0\;D:\android\eclipse;
USERNAME=Legolas
OS=Windows_NT
PROCESSOR_IDENTIFIER=x86 Family 6 Model 15 Stepping 13, GenuineIntel



---------------  S Y S T E M  ---------------

OS: Windows NT 6.1 Build 7600 

CPU:total 2 family 6, cmov, cx8, fxsr, mmx, sse, sse2

Memory: 4k page, physical 2097151k(1812192k free), swap 4194303k(4194303k free)

vm_info: Java HotSpot(TM) Client VM (1.6.0-oem-b104) for windows-x86, built on Nov  1 2006 08:09:48 by "java_re" with unknown MS VC++:1310

